Using pre-set license
Built from '2021.1/release' branch; Version is '2021.1.10f1 (b15f561b2cef) revision 11624278'; Using compiler version '192528614'; Build Type 'Release'
OS: 'Windows 10 Education; OS build 19042.1110; Version 2009; 64bit' Language: 'es' Physical Memory: 3574 MB
BatchMode: 1, IsHumanControllingUs: 0, StartBugReporterOnCrash: 0, Is64bit: 1, IsPro: 0

 COMMAND LINE ARGUMENTS:
C:\Program Files\Unity\Hub\Editor\2021.1.10f1\Editor\Unity.exe
-adb2
-batchMode
-noUpm
-name
AssetImportWorker107
-projectPath
C:/Users/TOSHIBA/Primer juego
-logFile
Logs/AssetImportWorker107.log
-srvPort
59707
Successfully changed project path to: C:/Users/TOSHIBA/Primer juego
C:/Users/TOSHIBA/Primer juego
Using Asset Import Pipeline V2.
Refreshing native plugins compatible for Editor in 704.06 ms, found 3 plugins.
Preloading 0 native plugins for Editor in 0.00 ms.
Initialize engine version: 2021.1.10f1 (b15f561b2cef)
[Subsystems] Discovering subsystems at path C:/Program Files/Unity/Hub/Editor/2021.1.10f1/Editor/Data/Resources/UnitySubsystems
[Subsystems] Discovering subsystems at path C:/Users/TOSHIBA/Primer juego/Assets
GfxDevice: creating device client; threaded=0; jobified=0
Direct3D:
    Version:  Direct3D 11.0 [level 11.0]
    Renderer: AMD Radeon HD 6310 Graphics (ID=0x9802)
    Vendor:   ATI
    VRAM:     373 MB
    Driver:   15.201.1151.0
Initialize mono
Mono path[0] = 'C:/Program Files/Unity/Hub/Editor/2021.1.10f1/Editor/Data/Managed'
Mono path[1] = 'C:/Program Files/Unity/Hub/Editor/2021.1.10f1/Editor/Data/MonoBleedingEdge/lib/mono/unityjit'
Mono config path = 'C:/Program Files/Unity/Hub/Editor/2021.1.10f1/Editor/Data/MonoBleedingEdge/etc'
Using monoOptions --debugger-agent=transport=dt_socket,embedding=1,server=y,suspend=n,address=127.0.0.1:56596
Begin MonoManager ReloadAssembly
Registering precompiled unity dll's ...
Registered in 0.009397 seconds.
Refreshing native plugins compatible for Editor in 535.94 ms, found 3 plugins.
Preloading 0 native plugins for Editor in 0.00 ms.
Mono: successfully reloaded assembly
- Completed reload, in  8.780 seconds
Domain Reload Profiling:
	ReloadAssembly (8883ms)
		BeginReloadAssembly (520ms)
			ExecutionOrderSort (0ms)
			DisableScriptedObjects (0ms)
			BackupInstance (0ms)
			ReleaseScriptingObjects (0ms)
			CreateAndSetChildDomain (7ms)
		EndReloadAssembly (3362ms)
			LoadAssemblies (397ms)
			RebuildTransferFunctionScriptingTraits (1ms)
			SetupTypeCache (1281ms)
			ReleaseScriptCaches (0ms)
			RebuildScriptCaches (206ms)
			SetupLoadedEditorAssemblies (1542ms)
				LogAssemblyErrors (0ms)
				InitializePlatformSupportModulesInManaged (13ms)
				SetLoadedEditorAssemblies (1ms)
				RefreshPlugins (536ms)
				BeforeProcessingInitializeOnLoad (8ms)
				ProcessInitializeOnLoadAttributes (746ms)
				ProcessInitializeOnLoadMethodAttributes (236ms)
				AfterProcessingInitializeOnLoad (0ms)
				EditorAssembliesLoaded (1ms)
			ExecutionOrderSort2 (0ms)
			AwakeInstancesAfterBackupRestoration (0ms)
Platform modules already initialized, skipping
Registering precompiled user dll's ...
Registered in 0.044577 seconds.
Begin MonoManager ReloadAssembly
Symbol file LoadedFromMemory doesn't match image C:\Users\TOSHIBA\Primer juego\Library\PackageCache\com.unity.visualscripting@1.6.1\Editor\VisualScripting.Core\Dependencies\YamlDotNet\Unity.VisualScripting.YamlDotNet.dll
Symbol file LoadedFromMemory doesn't match image C:\Users\TOSHIBA\Primer juego\Library\PackageCache\com.unity.visualscripting@1.6.1\Editor\VisualScripting.Core\Dependencies\DotNetZip\Unity.VisualScripting.IonicZip.dll
Refreshing native plugins compatible for Editor in 3.48 ms, found 3 plugins.
Preloading 0 native plugins for Editor in 0.00 ms.
Mono: successfully reloaded assembly
- Completed reload, in 10.772 seconds
Domain Reload Profiling:
	ReloadAssembly (10775ms)
		BeginReloadAssembly (1093ms)
			ExecutionOrderSort (0ms)
			DisableScriptedObjects (33ms)
			BackupInstance (0ms)
			ReleaseScriptingObjects (1ms)
			CreateAndSetChildDomain (115ms)
		EndReloadAssembly (9254ms)
			LoadAssemblies (2588ms)
			RebuildTransferFunctionScriptingTraits (0ms)
			SetupTypeCache (2954ms)
			ReleaseScriptCaches (2ms)
			RebuildScriptCaches (382ms)
			SetupLoadedEditorAssemblies (2599ms)
				LogAssemblyErrors (0ms)
				InitializePlatformSupportModulesInManaged (13ms)
				SetLoadedEditorAssemblies (3ms)
				RefreshPlugins (4ms)
				BeforeProcessingInitializeOnLoad (450ms)
				ProcessInitializeOnLoadAttributes (2047ms)
				ProcessInitializeOnLoadMethodAttributes (37ms)
				AfterProcessingInitializeOnLoad (43ms)
				EditorAssembliesLoaded (2ms)
			ExecutionOrderSort2 (0ms)
			AwakeInstancesAfterBackupRestoration (50ms)
Platform modules already initialized, skipping
========================================================================
Worker process is ready to serve import requests
Launched and connected shader compiler UnityShaderCompiler.exe after 1.00 seconds
Refreshing native plugins compatible for Editor in 32.37 ms, found 3 plugins.
Preloading 0 native plugins for Editor in 0.00 ms.
Unloading 3095 Unused Serialized files (Serialized files now loaded: 0)
System memory in use before: 131.0 MB.
System memory in use after: 131.2 MB.

Unloading 34 unused Assets to reduce memory usage. Loaded Objects now: 3554.
Total: 13.482900 ms (FindLiveObjects: 1.893500 ms CreateObjectMapping: 0.947700 ms MarkObjects: 10.463400 ms  DeleteObjects: 0.172900 ms)

AssetImportParameters requested are different than current active one (requested -> active):
  custom:framework-win-MediaFoundation: 216162199b28c13a410421893ffa2e32 -> 
  custom:video-decoder-ogg-theora: a1e56fd34408186e4bbccfd4996cb3dc -> 
  custom:container-muxer-webm: aa71ff27fc2769a1b78a27578f13a17b -> 
  custom:container-demuxer-webm: 4f35f7cbe854078d1ac9338744f61a02 -> 
  custom:container-demuxer-ogg: 62fdf1f143b41e24485cea50d1cbac27 -> 
  custom:video-encoder-webm-vp8: eb34c28f22e8b96e1ab97ce403110664 -> 
  custom:video-decoder-webm-vp8: 9c59270c3fd7afecdb556c50c9e8de78 -> 
  custom:audio-decoder-ogg-vorbis: bf7c407c2cedff20999df2af8eb42d56 -> 
  custom:audio-encoder-webm-vorbis: bf7c407c2cedff20999df2af8eb42d56 -> 
========================================================================
Received Import Request.
  path: Assets/Scripts/Options menú/OptionsGameButtom.cs
  artifactKey: Guid(0d44304859c40d84dbb10e8ac7eb415e) Importer(815301076,1909f56bfc062723c751e8b465ee728b)
Start importing Assets/Scripts/Options menú/OptionsGameButtom.cs using Guid(0d44304859c40d84dbb10e8ac7eb415e) Importer(815301076,1909f56bfc062723c751e8b465ee728b)  -> (artifact id: '4fcc7bbc782316a4b1d8c1f96b93ebef') in 1.759737 seconds 
========================================================================
Received Prepare
Registering precompiled user dll's ...
Registered in 0.218434 seconds.
Begin MonoManager ReloadAssembly
Symbol file LoadedFromMemory doesn't match image C:\Users\TOSHIBA\Primer juego\Library\PackageCache\com.unity.visualscripting@1.6.1\Editor\VisualScripting.Core\Dependencies\YamlDotNet\Unity.VisualScripting.YamlDotNet.dll
Symbol file LoadedFromMemory doesn't match image C:\Users\TOSHIBA\Primer juego\Library\PackageCache\com.unity.visualscripting@1.6.1\Editor\VisualScripting.Core\Dependencies\DotNetZip\Unity.VisualScripting.IonicZip.dll
Refreshing native plugins compatible for Editor in 3.82 ms, found 3 plugins.
Preloading 0 native plugins for Editor in 0.00 ms.
Mono: successfully reloaded assembly
- Completed reload, in 13.276 seconds
Domain Reload Profiling:
	ReloadAssembly (13284ms)
		BeginReloadAssembly (4865ms)
			ExecutionOrderSort (0ms)
			DisableScriptedObjects (186ms)
			BackupInstance (0ms)
			ReleaseScriptingObjects (2ms)
			CreateAndSetChildDomain (1613ms)
		EndReloadAssembly (7905ms)
			LoadAssemblies (983ms)
			RebuildTransferFunctionScriptingTraits (1ms)
			SetupTypeCache (2979ms)
			ReleaseScriptCaches (5ms)
			RebuildScriptCaches (622ms)
			SetupLoadedEditorAssemblies (2382ms)
				LogAssemblyErrors (0ms)
				InitializePlatformSupportModulesInManaged (18ms)
				SetLoadedEditorAssemblies (6ms)
				RefreshPlugins (4ms)
				BeforeProcessingInitializeOnLoad (395ms)
				ProcessInitializeOnLoadAttributes (1853ms)
				ProcessInitializeOnLoadMethodAttributes (37ms)
				AfterProcessingInitializeOnLoad (67ms)
				EditorAssembliesLoaded (2ms)
			ExecutionOrderSort2 (0ms)
			AwakeInstancesAfterBackupRestoration (56ms)
Platform modules already initialized, skipping
Switching build target platform(19) subTarget(0) extendedPlatform(0) -> platform(13) subTarget(537395200) extendedPlatform(0)
Refreshing native plugins compatible for Editor in 8.00 ms, found 3 plugins.
Preloading 0 native plugins for Editor in 0.00 ms.
Unloading 3079 Unused Serialized files (Serialized files now loaded: 0)
System memory in use before: 129.4 MB.
System memory in use after: 129.6 MB.

Unloading 30 unused Assets to reduce memory usage. Loaded Objects now: 3557.
Total: 1513.586100 ms (FindLiveObjects: 269.452300 ms CreateObjectMapping: 64.422800 ms MarkObjects: 1179.126100 ms  DeleteObjects: 0.563800 ms)

AssetImportParameters requested are different than current active one (requested -> active):
  custom:framework-win-MediaFoundation: 216162199b28c13a410421893ffa2e32 -> 
  custom:video-decoder-ogg-theora: a1e56fd34408186e4bbccfd4996cb3dc -> 
  custom:container-muxer-webm: aa71ff27fc2769a1b78a27578f13a17b -> 
  custom:container-demuxer-webm: 4f35f7cbe854078d1ac9338744f61a02 -> 
  custom:container-demuxer-ogg: 62fdf1f143b41e24485cea50d1cbac27 -> 
  custom:video-encoder-webm-vp8: eb34c28f22e8b96e1ab97ce403110664 -> 
  custom:video-decoder-webm-vp8: 9c59270c3fd7afecdb556c50c9e8de78 -> 
  custom:graphics/normal-map-encoding: 01000000000000000000000000000000 -> 02000000000000000000000000000000
  custom:audio-decoder-ogg-vorbis: bf7c407c2cedff20999df2af8eb42d56 -> 
  custom:audio-encoder-webm-vorbis: bf7c407c2cedff20999df2af8eb42d56 -> 
========================================================================
Received Import Request.
  Time since last request: 3072.995113 seconds.
  path: Assets/Scripts/Options menú/OptionsControl.cs
  artifactKey: Guid(75d9a63d4f7b0de438260ca65a686e9b) Importer(815301076,1909f56bfc062723c751e8b465ee728b)
Start importing Assets/Scripts/Options menú/OptionsControl.cs using Guid(75d9a63d4f7b0de438260ca65a686e9b) Importer(815301076,1909f56bfc062723c751e8b465ee728b)  -> (artifact id: 'f7346977ea9fc7bce59b8a3aadc8c32c') in 2.741043 seconds 
========================================================================
Received Import Request.
  Time since last request: 0.208053 seconds.
  path: Assets/Scripts/Options menú/OptionsGameButtom.cs
  artifactKey: Guid(0d44304859c40d84dbb10e8ac7eb415e) Importer(815301076,1909f56bfc062723c751e8b465ee728b)
Start importing Assets/Scripts/Options menú/OptionsGameButtom.cs using Guid(0d44304859c40d84dbb10e8ac7eb415e) Importer(815301076,1909f56bfc062723c751e8b465ee728b)  -> (artifact id: 'de26476aec62637fa9c32e802388b8c8') in 1.046770 seconds 
========================================================================
Received Import Request.
  Time since last request: 0.026267 seconds.
  path: Assets/Scripts/Options menú/PlayButtomControl.cs
  artifactKey: Guid(d56076eabcdeef14b9b8cb8aed23377f) Importer(815301076,1909f56bfc062723c751e8b465ee728b)
Start importing Assets/Scripts/Options menú/PlayButtomControl.cs using Guid(d56076eabcdeef14b9b8cb8aed23377f) Importer(815301076,1909f56bfc062723c751e8b465ee728b)  -> (artifact id: '3ed8673ac749bc679999dfd49c574d42') in 0.064013 seconds 
========================================================================
Received Import Request.
  Time since last request: 0.001810 seconds.
  path: Assets/Scripts/Options menú/ObjectsChangeSceneControl.cs
  artifactKey: Guid(028068360cc0744428c54c240b934d06) Importer(815301076,1909f56bfc062723c751e8b465ee728b)
Start importing Assets/Scripts/Options menú/ObjectsChangeSceneControl.cs using Guid(028068360cc0744428c54c240b934d06) Importer(815301076,1909f56bfc062723c751e8b465ee728b)  -> (artifact id: '8f643b3a720af53be06763d685663f21') in 0.174881 seconds 
AssetImportWorkerClient::OnTransportError - code=2 error=End of file
