Using pre-set license
Built from '2021.1/release' branch; Version is '2021.1.10f1 (b15f561b2cef) revision 11624278'; Using compiler version '192528614'; Build Type 'Release'
OS: 'Windows 10 Home Single Language; OS build 16299.1127; Version 1709; 64bit' Language: 'es' Physical Memory: 3959 MB
BatchMode: 1, IsHumanControllingUs: 0, StartBugReporterOnCrash: 0, Is64bit: 1, IsPro: 0

 COMMAND LINE ARGUMENTS:
C:\Program Files\Unity 2021.1.10f1\Editor\Unity.exe
-adb2
-batchMode
-noUpm
-name
AssetImportWorker8
-projectPath
C:/Users/Rocio Marez Valadez/Documents/GitHub/Primer-juego
-logFile
Logs/AssetImportWorker8.log
-srvPort
53290
Successfully changed project path to: C:/Users/Rocio Marez Valadez/Documents/GitHub/Primer-juego
C:/Users/Rocio Marez Valadez/Documents/GitHub/Primer-juego
Using Asset Import Pipeline V2.
Refreshing native plugins compatible for Editor in 358.44 ms, found 3 plugins.
Preloading 0 native plugins for Editor in 0.00 ms.
Initialize engine version: 2021.1.10f1 (b15f561b2cef)
[Subsystems] Discovering subsystems at path C:/Program Files/Unity 2021.1.10f1/Editor/Data/Resources/UnitySubsystems
[Subsystems] Discovering subsystems at path C:/Users/Rocio Marez Valadez/Documents/GitHub/Primer-juego/Assets
GfxDevice: creating device client; threaded=0; jobified=0
Direct3D:
    Version:  Direct3D 11.0 [level 11.1]
    Renderer: Intel(R) HD Graphics (ID=0x5a85)
    Vendor:   Intel
    VRAM:     1979 MB
    Driver:   21.20.16.4727
Initialize mono
Mono path[0] = 'C:/Program Files/Unity 2021.1.10f1/Editor/Data/Managed'
Mono path[1] = 'C:/Program Files/Unity 2021.1.10f1/Editor/Data/MonoBleedingEdge/lib/mono/unityjit'
Mono config path = 'C:/Program Files/Unity 2021.1.10f1/Editor/Data/MonoBleedingEdge/etc'
Using monoOptions --debugger-agent=transport=dt_socket,embedding=1,server=y,suspend=n,address=127.0.0.1:56388
Begin MonoManager ReloadAssembly
Registering precompiled unity dll's ...
Register platform support module: C:/Program Files/Unity 2021.1.10f1/Editor/Data/PlaybackEngines/WindowsStandaloneSupport/UnityEditor.WindowsStandalone.Extensions.dll
Registered in 0.005096 seconds.
Native extension for WindowsStandalone target not found
Refreshing native plugins compatible for Editor in 295.14 ms, found 3 plugins.
Preloading 0 native plugins for Editor in 0.00 ms.
Mono: successfully reloaded assembly
- Completed reload, in  5.404 seconds
Domain Reload Profiling:
	ReloadAssembly (5405ms)
		BeginReloadAssembly (202ms)
			ExecutionOrderSort (0ms)
			DisableScriptedObjects (0ms)
			BackupInstance (0ms)
			ReleaseScriptingObjects (0ms)
			CreateAndSetChildDomain (3ms)
		EndReloadAssembly (2009ms)
			LoadAssemblies (196ms)
			RebuildTransferFunctionScriptingTraits (1ms)
			SetupTypeCache (794ms)
			ReleaseScriptCaches (0ms)
			RebuildScriptCaches (109ms)
			SetupLoadedEditorAssemblies (931ms)
				LogAssemblyErrors (0ms)
				InitializePlatformSupportModulesInManaged (22ms)
				SetLoadedEditorAssemblies (1ms)
				RefreshPlugins (295ms)
				BeforeProcessingInitializeOnLoad (4ms)
				ProcessInitializeOnLoadAttributes (483ms)
				ProcessInitializeOnLoadMethodAttributes (125ms)
				AfterProcessingInitializeOnLoad (0ms)
				EditorAssembliesLoaded (1ms)
			ExecutionOrderSort2 (0ms)
			AwakeInstancesAfterBackupRestoration (0ms)
Platform modules already initialized, skipping
Registering precompiled user dll's ...
Registered in 0.027360 seconds.
Begin MonoManager ReloadAssembly
Symbol file LoadedFromMemory doesn't match image C:\Users\Rocio Marez Valadez\Documents\GitHub\Primer-juego\Library\PackageCache\com.unity.visualscripting@1.6.1\Editor\VisualScripting.Core\Dependencies\YamlDotNet\Unity.VisualScripting.YamlDotNet.dll
Symbol file LoadedFromMemory doesn't match image C:\Users\Rocio Marez Valadez\Documents\GitHub\Primer-juego\Library\PackageCache\com.unity.visualscripting@1.6.1\Editor\VisualScripting.Core\Dependencies\DotNetZip\Unity.VisualScripting.IonicZip.dll
Native extension for WindowsStandalone target not found
Refreshing native plugins compatible for Editor in 2.85 ms, found 3 plugins.
Preloading 0 native plugins for Editor in 0.00 ms.
Mono: successfully reloaded assembly
- Completed reload, in  6.193 seconds
Domain Reload Profiling:
	ReloadAssembly (6195ms)
		BeginReloadAssembly (631ms)
			ExecutionOrderSort (0ms)
			DisableScriptedObjects (21ms)
			BackupInstance (0ms)
			ReleaseScriptingObjects (0ms)
			CreateAndSetChildDomain (58ms)
		EndReloadAssembly (5216ms)
			LoadAssemblies (1582ms)
			RebuildTransferFunctionScriptingTraits (0ms)
			SetupTypeCache (1536ms)
			ReleaseScriptCaches (2ms)
			RebuildScriptCaches (289ms)
			SetupLoadedEditorAssemblies (1356ms)
				LogAssemblyErrors (0ms)
				InitializePlatformSupportModulesInManaged (20ms)
				SetLoadedEditorAssemblies (1ms)
				RefreshPlugins (3ms)
				BeforeProcessingInitializeOnLoad (267ms)
				ProcessInitializeOnLoadAttributes (1025ms)
				ProcessInitializeOnLoadMethodAttributes (21ms)
				AfterProcessingInitializeOnLoad (17ms)
				EditorAssembliesLoaded (1ms)
			ExecutionOrderSort2 (0ms)
			AwakeInstancesAfterBackupRestoration (29ms)
Platform modules already initialized, skipping
========================================================================
Worker process is ready to serve import requests
Launched and connected shader compiler UnityShaderCompiler.exe after 0.38 seconds
Refreshing native plugins compatible for Editor in 3.75 ms, found 3 plugins.
Preloading 0 native plugins for Editor in 0.00 ms.
Unloading 3108 Unused Serialized files (Serialized files now loaded: 0)
System memory in use before: 114.1 MB.
System memory in use after: 114.3 MB.

Unloading 35 unused Assets to reduce memory usage. Loaded Objects now: 3540.
Total: 15.453582 ms (FindLiveObjects: 2.978248 ms CreateObjectMapping: 3.807255 ms MarkObjects: 8.458487 ms  DeleteObjects: 0.204912 ms)

AssetImportParameters requested are different than current active one (requested -> active):
  custom:framework-win-MediaFoundation: 216162199b28c13a410421893ffa2e32 -> 
  custom:video-decoder-ogg-theora: a1e56fd34408186e4bbccfd4996cb3dc -> 
  custom:container-muxer-webm: aa71ff27fc2769a1b78a27578f13a17b -> 
  custom:container-demuxer-webm: 4f35f7cbe854078d1ac9338744f61a02 -> 
  custom:container-demuxer-ogg: 62fdf1f143b41e24485cea50d1cbac27 -> 
  custom:video-encoder-webm-vp8: eb34c28f22e8b96e1ab97ce403110664 -> 
  custom:video-decoder-webm-vp8: 9c59270c3fd7afecdb556c50c9e8de78 -> 
  custom:audio-decoder-ogg-vorbis: bf7c407c2cedff20999df2af8eb42d56 -> 
  custom:audio-encoder-webm-vorbis: bf7c407c2cedff20999df2af8eb42d56 -> 
========================================================================
Received Import Request.
  path: Assets/Sprites/Structures/linterna.fbx
  artifactKey: Guid(2e6a74d8f6f3d7648bbbda00ccf89ff3) Importer(815301076,1909f56bfc062723c751e8b465ee728b)
Start importing Assets/Sprites/Structures/linterna.fbx using Guid(2e6a74d8f6f3d7648bbbda00ccf89ff3) Importer(815301076,1909f56bfc062723c751e8b465ee728b)  -> (artifact id: '33e68c2560cea8903a8cd891189efc80') in 5.059221 seconds 
========================================================================
Received Import Request.
  Time since last request: 720.326052 seconds.
  path: Assets/Sprites/Structures/cortinas.fbx
  artifactKey: Guid(bbe67a6c92934a34886a1a11f686b5c6) Importer(815301076,1909f56bfc062723c751e8b465ee728b)
Start importing Assets/Sprites/Structures/cortinas.fbx using Guid(bbe67a6c92934a34886a1a11f686b5c6) Importer(815301076,1909f56bfc062723c751e8b465ee728b)  -> (artifact id: '6e227d49a0f34c351b941a163f130e3d') in 2.762807 seconds 
========================================================================
Received Import Request.
  Time since last request: 510.611674 seconds.
  path: Assets/Sprites/Structures/cortinas.fbx
  artifactKey: Guid(bbe67a6c92934a34886a1a11f686b5c6) Importer(815301076,1909f56bfc062723c751e8b465ee728b)
Start importing Assets/Sprites/Structures/cortinas.fbx using Guid(bbe67a6c92934a34886a1a11f686b5c6) Importer(815301076,1909f56bfc062723c751e8b465ee728b)  -> (artifact id: '4159a0042e6855251a562a05e7cb93d7') in 4.730435 seconds 
========================================================================
Received Import Request.
  Time since last request: 590.330782 seconds.
  path: Assets/Sprites/Structures/cajonera.fbx
  artifactKey: Guid(27aec04313408b045a81239ed608c28d) Importer(815301076,1909f56bfc062723c751e8b465ee728b)
Start importing Assets/Sprites/Structures/cajonera.fbx using Guid(27aec04313408b045a81239ed608c28d) Importer(815301076,1909f56bfc062723c751e8b465ee728b)  -> (artifact id: 'c8c0d73f3bacb1e3f6862afb21b7ad51') in 1.381889 seconds 
========================================================================
Received Import Request.
  Time since last request: 833.620813 seconds.
  path: Assets/Sprites/Structures/cajonera.fbx
  artifactKey: Guid(27aec04313408b045a81239ed608c28d) Importer(815301076,1909f56bfc062723c751e8b465ee728b)
Start importing Assets/Sprites/Structures/cajonera.fbx using Guid(27aec04313408b045a81239ed608c28d) Importer(815301076,1909f56bfc062723c751e8b465ee728b)  -> (artifact id: '5f627eecd46eacedbba5e5bf66a46be7') in 6.284813 seconds 
========================================================================
Received Import Request.
  Time since last request: 238.836499 seconds.
  path: Assets/Sprites/Structures/quirofano.fbx
  artifactKey: Guid(159a6b8af3a26be4a8ac667db3aec49b) Importer(815301076,1909f56bfc062723c751e8b465ee728b)
Start importing Assets/Sprites/Structures/quirofano.fbx using Guid(159a6b8af3a26be4a8ac667db3aec49b) Importer(815301076,1909f56bfc062723c751e8b465ee728b)  -> (artifact id: 'f7a050b99abf8c987b1fbaa6e6b91eed') in 8.095274 seconds 
========================================================================
Received Import Request.
  Time since last request: 562.966803 seconds.
  path: Assets/Sprites/Structures/quirofano.fbx
  artifactKey: Guid(159a6b8af3a26be4a8ac667db3aec49b) Importer(815301076,1909f56bfc062723c751e8b465ee728b)
Start importing Assets/Sprites/Structures/quirofano.fbx using Guid(159a6b8af3a26be4a8ac667db3aec49b) Importer(815301076,1909f56bfc062723c751e8b465ee728b)  -> (artifact id: '808dfacfbd2391a6f8fc168b581b3eb2') in 14.219720 seconds 
========================================================================
Received Import Request.
  Time since last request: 903.328398 seconds.
  path: Assets/Sprites/Structures/Rayos X.fbx
  artifactKey: Guid(43224f1769122db42a47a3fa22d99995) Importer(815301076,1909f56bfc062723c751e8b465ee728b)
Start importing Assets/Sprites/Structures/Rayos X.fbx using Guid(43224f1769122db42a47a3fa22d99995) Importer(815301076,1909f56bfc062723c751e8b465ee728b)  -> (artifact id: '95856556f683a9571dbfd0e097e5878d') in 60.829243 seconds 
========================================================================
Received Import Request.
  Time since last request: 868.733375 seconds.
  path: Assets/Sprites/Structures/Rayos X.fbx
  artifactKey: Guid(43224f1769122db42a47a3fa22d99995) Importer(815301076,1909f56bfc062723c751e8b465ee728b)
Start importing Assets/Sprites/Structures/Rayos X.fbx using Guid(43224f1769122db42a47a3fa22d99995) Importer(815301076,1909f56bfc062723c751e8b465ee728b)  -> (artifact id: '70ef33cfdbecf77ed8a2ad6e31bb3d68') in 19.486571 seconds 
