Using pre-set license
Built from '2021.1/release' branch; Version is '2021.1.10f1 (b15f561b2cef) revision 11624278'; Using compiler version '192528614'; Build Type 'Release'
OS: 'Windows 10 Education; OS build 19042.1083; Version 2009; 64bit' Language: 'es' Physical Memory: 3574 MB
BatchMode: 1, IsHumanControllingUs: 0, StartBugReporterOnCrash: 0, Is64bit: 1, IsPro: 0

 COMMAND LINE ARGUMENTS:
C:\Program Files\Unity\Hub\Editor\2021.1.10f1\Editor\Unity.exe
-adb2
-batchMode
-noUpm
-name
AssetImportWorker139
-projectPath
C:/Users/TOSHIBA/Primer juego
-logFile
Logs/AssetImportWorker139.log
-srvPort
61882
Successfully changed project path to: C:/Users/TOSHIBA/Primer juego
C:/Users/TOSHIBA/Primer juego
Using Asset Import Pipeline V2.
Assertion failed on expression: 'm_ErrorCode == MDB_MAP_RESIZED || !HasAbortingErrors()'

received signal from system: SIGSEGV
Stack trace:
0x00007ff7dc64a53c (Unity) StackWalker::GetCurrentCallstack
0x00007ff7dc6506d9 (Unity) StackWalker::ShowCallstack
0x00007ff7dce45353 (Unity) GetStacktrace
0x00007ff7dc649c20 (Unity) winutils::CrashHandler::DefaultSignalHandler
0x00007ff7de9d1b7e (Unity) seh_filter_exe
0x00007ff7dea9a46d (Unity) `__scrt_common_main_seh'::`1'::filt$0
0x00007ff7de99ea58 (Unity) _C_specific_handler
0x00007ffbe55d217f (ntdll) _chkstk
0x00007ffbe5581454 (ntdll) RtlRaiseException
0x00007ffbe55d0cae (ntdll) KiUserExceptionDispatcher
0x00007ff7dcf6f83b (Unity) SourceAssetDBReadTxn::SourceAssetDBReadTxn
0x00007ff7dcf3dad6 (Unity) SyncAssetFoldersWithDB
0x00007ff7dcf2ccad (Unity) InitializeAssetDatabaseV2
0x00007ff7dcecad35 (Unity) AssetDatabase::InitializeAssetDatabase
0x00007ff7dca3e3a0 (Unity) Application::InitializeProject
0x00007ff7dce4e9f7 (Unity) WinMain
0x00007ff7de97c292 (Unity) __scrt_common_main_seh
0x00007ffbe4207034 (KERNEL32) BaseThreadInitThunk
0x00007ffbe5582651 (ntdll) RtlUserThreadStart

