Using pre-set license
Built from '2021.1/release' branch; Version is '2021.1.10f1 (b15f561b2cef) revision 11624278'; Using compiler version '192528614'; Build Type 'Release'
OS: 'Windows 10 Education; OS build 19042.1165; Version 2009; 64bit' Language: 'es' Physical Memory: 3574 MB
BatchMode: 1, IsHumanControllingUs: 0, StartBugReporterOnCrash: 0, Is64bit: 1, IsPro: 0

 COMMAND LINE ARGUMENTS:
C:\Program Files\Unity\Hub\Editor\2021.1.10f1\Editor\Unity.exe
-adb2
-batchMode
-noUpm
-name
AssetImportWorker65
-projectPath
C:/Users/TOSHIBA/Primer juego
-logFile
Logs/AssetImportWorker65.log
-srvPort
61309
Successfully changed project path to: C:/Users/TOSHIBA/Primer juego
C:/Users/TOSHIBA/Primer juego
Using Asset Import Pipeline V2.
Refreshing native plugins compatible for Editor in 598.62 ms, found 3 plugins.
Preloading 0 native plugins for Editor in 0.00 ms.
Initialize engine version: 2021.1.10f1 (b15f561b2cef)
[Subsystems] Discovering subsystems at path C:/Program Files/Unity/Hub/Editor/2021.1.10f1/Editor/Data/Resources/UnitySubsystems
[Subsystems] Discovering subsystems at path C:/Users/TOSHIBA/Primer juego/Assets
GfxDevice: creating device client; threaded=0; jobified=0
Direct3D:
    Version:  Direct3D 11.0 [level 11.0]
    Renderer: AMD Radeon HD 6310 Graphics (ID=0x9802)
    Vendor:   ATI
    VRAM:     373 MB
    Driver:   15.201.1151.0
Initialize mono
Mono path[0] = 'C:/Program Files/Unity/Hub/Editor/2021.1.10f1/Editor/Data/Managed'
Mono path[1] = 'C:/Program Files/Unity/Hub/Editor/2021.1.10f1/Editor/Data/MonoBleedingEdge/lib/mono/unityjit'
Mono config path = 'C:/Program Files/Unity/Hub/Editor/2021.1.10f1/Editor/Data/MonoBleedingEdge/etc'
Using monoOptions --debugger-agent=transport=dt_socket,embedding=1,server=y,suspend=n,address=127.0.0.1:56152
Begin MonoManager ReloadAssembly
Registering precompiled unity dll's ...
Registered in 0.014217 seconds.
Refreshing native plugins compatible for Editor in 550.99 ms, found 3 plugins.
Preloading 0 native plugins for Editor in 0.00 ms.
Mono: successfully reloaded assembly
- Completed reload, in  8.475 seconds
Domain Reload Profiling:
	ReloadAssembly (8476ms)
		BeginReloadAssembly (422ms)
			ExecutionOrderSort (0ms)
			DisableScriptedObjects (0ms)
			BackupInstance (0ms)
			ReleaseScriptingObjects (0ms)
			CreateAndSetChildDomain (4ms)
		EndReloadAssembly (3560ms)
			LoadAssemblies (402ms)
			RebuildTransferFunctionScriptingTraits (0ms)
			SetupTypeCache (1331ms)
			ReleaseScriptCaches (0ms)
			RebuildScriptCaches (235ms)
			SetupLoadedEditorAssemblies (1628ms)
				LogAssemblyErrors (1ms)
				InitializePlatformSupportModulesInManaged (13ms)
				SetLoadedEditorAssemblies (1ms)
				RefreshPlugins (551ms)
				BeforeProcessingInitializeOnLoad (8ms)
				ProcessInitializeOnLoadAttributes (786ms)
				ProcessInitializeOnLoadMethodAttributes (265ms)
				AfterProcessingInitializeOnLoad (0ms)
				EditorAssembliesLoaded (1ms)
			ExecutionOrderSort2 (0ms)
			AwakeInstancesAfterBackupRestoration (0ms)
Platform modules already initialized, skipping
Registering precompiled user dll's ...
Registered in 0.041741 seconds.
Begin MonoManager ReloadAssembly
Symbol file LoadedFromMemory doesn't match image C:\Users\TOSHIBA\Primer juego\Library\PackageCache\com.unity.visualscripting@1.6.1\Editor\VisualScripting.Core\Dependencies\YamlDotNet\Unity.VisualScripting.YamlDotNet.dll
Symbol file LoadedFromMemory doesn't match image C:\Users\TOSHIBA\Primer juego\Library\PackageCache\com.unity.visualscripting@1.6.1\Editor\VisualScripting.Core\Dependencies\DotNetZip\Unity.VisualScripting.IonicZip.dll
Refreshing native plugins compatible for Editor in 3.53 ms, found 3 plugins.
Preloading 0 native plugins for Editor in 0.00 ms.
Mono: successfully reloaded assembly
- Completed reload, in  8.877 seconds
Domain Reload Profiling:
	ReloadAssembly (8880ms)
		BeginReloadAssembly (1327ms)
			ExecutionOrderSort (0ms)
			DisableScriptedObjects (33ms)
			BackupInstance (0ms)
			ReleaseScriptingObjects (1ms)
			CreateAndSetChildDomain (118ms)
		EndReloadAssembly (7084ms)
			LoadAssemblies (695ms)
			RebuildTransferFunctionScriptingTraits (0ms)
			SetupTypeCache (2730ms)
			ReleaseScriptCaches (2ms)
			RebuildScriptCaches (383ms)
			SetupLoadedEditorAssemblies (2445ms)
				LogAssemblyErrors (0ms)
				InitializePlatformSupportModulesInManaged (13ms)
				SetLoadedEditorAssemblies (4ms)
				RefreshPlugins (4ms)
				BeforeProcessingInitializeOnLoad (504ms)
				ProcessInitializeOnLoadAttributes (1829ms)
				ProcessInitializeOnLoadMethodAttributes (45ms)
				AfterProcessingInitializeOnLoad (46ms)
				EditorAssembliesLoaded (2ms)
			ExecutionOrderSort2 (0ms)
			AwakeInstancesAfterBackupRestoration (55ms)
Platform modules already initialized, skipping
========================================================================
Worker process is ready to serve import requests
Launched and connected shader compiler UnityShaderCompiler.exe after 0.52 seconds
Refreshing native plugins compatible for Editor in 3.31 ms, found 3 plugins.
Preloading 0 native plugins for Editor in 0.00 ms.
Unloading 3095 Unused Serialized files (Serialized files now loaded: 0)
System memory in use before: 133.1 MB.
System memory in use after: 133.4 MB.

Unloading 34 unused Assets to reduce memory usage. Loaded Objects now: 3554.
Total: 13.442800 ms (FindLiveObjects: 1.842800 ms CreateObjectMapping: 0.923500 ms MarkObjects: 10.496000 ms  DeleteObjects: 0.174100 ms)

AssetImportParameters requested are different than current active one (requested -> active):
  custom:framework-win-MediaFoundation: 216162199b28c13a410421893ffa2e32 -> 
  custom:video-decoder-ogg-theora: a1e56fd34408186e4bbccfd4996cb3dc -> 
  custom:container-muxer-webm: aa71ff27fc2769a1b78a27578f13a17b -> 
  custom:container-demuxer-webm: 4f35f7cbe854078d1ac9338744f61a02 -> 
  custom:container-demuxer-ogg: 62fdf1f143b41e24485cea50d1cbac27 -> 
  custom:video-encoder-webm-vp8: eb34c28f22e8b96e1ab97ce403110664 -> 
  custom:video-decoder-webm-vp8: 9c59270c3fd7afecdb556c50c9e8de78 -> 
  custom:audio-decoder-ogg-vorbis: bf7c407c2cedff20999df2af8eb42d56 -> 
  custom:audio-encoder-webm-vorbis: bf7c407c2cedff20999df2af8eb42d56 -> 
========================================================================
Received Import Request.
  path: Assets/Materials/Primal Color/Blue.mat
  artifactKey: Guid(388552c0438a1284abb30fef239e600e) Importer(815301076,1909f56bfc062723c751e8b465ee728b)
Start importing Assets/Materials/Primal Color/Blue.mat using Guid(388552c0438a1284abb30fef239e600e) Importer(815301076,1909f56bfc062723c751e8b465ee728b)  -> (artifact id: 'a5f056fba372c42a47db36db8f892267') in 1.334385 seconds 
========================================================================
Received Import Request.
  Time since last request: 0.001990 seconds.
  path: Assets/Materials/Primal Color/Yellow.mat
  artifactKey: Guid(b8b48a16a36e0fd408bb76a9090db33a) Importer(815301076,1909f56bfc062723c751e8b465ee728b)
Start importing Assets/Materials/Primal Color/Yellow.mat using Guid(b8b48a16a36e0fd408bb76a9090db33a) Importer(815301076,1909f56bfc062723c751e8b465ee728b)  -> (artifact id: '2d2badc8d0fb468b16d3a08ebcc4ff09') in 0.190457 seconds 
========================================================================
Received Import Request.
  Time since last request: 0.001207 seconds.
  path: Assets/Materials/Primal Color/Red.mat
  artifactKey: Guid(394982a8ea875dd43acd43c6eaf29192) Importer(815301076,1909f56bfc062723c751e8b465ee728b)
Start importing Assets/Materials/Primal Color/Red.mat using Guid(394982a8ea875dd43acd43c6eaf29192) Importer(815301076,1909f56bfc062723c751e8b465ee728b)  -> (artifact id: '921709356b4e10f6db595363316af4b5') in 0.198699 seconds 
========================================================================
Received Import Request.
  Time since last request: 3563.442060 seconds.
  path: Assets/Materials/Body de Mons.mat
  artifactKey: Guid(c1111425187d00c4b830d09049d1d26d) Importer(815301076,1909f56bfc062723c751e8b465ee728b)
Start importing Assets/Materials/Body de Mons.mat using Guid(c1111425187d00c4b830d09049d1d26d) Importer(815301076,1909f56bfc062723c751e8b465ee728b)  -> (artifact id: '9762a4f2ffd9540a4d00bcb842342c8e') in 2.535499 seconds 
========================================================================
Received Import Request.
  Time since last request: 0.003335 seconds.
  path: Assets/Materials/Pantalones del Mons.mat
  artifactKey: Guid(df7696cf166285f4d9724a69c227ffb7) Importer(815301076,1909f56bfc062723c751e8b465ee728b)
Start importing Assets/Materials/Pantalones del Mons.mat using Guid(df7696cf166285f4d9724a69c227ffb7) Importer(815301076,1909f56bfc062723c751e8b465ee728b)  -> (artifact id: 'dbd5f7e6d8a99a01d8586381b3c667c9') in 1.713381 seconds 
========================================================================
Received Import Request.
  Time since last request: 0.001243 seconds.
  path: Assets/Materials/Doctor con traje blanco modo_Hair_normal.png
  artifactKey: Guid(0a31b7573d037a44885eeff2a0705c7f) Importer(815301076,1909f56bfc062723c751e8b465ee728b)
Start importing Assets/Materials/Doctor con traje blanco modo_Hair_normal.png using Guid(0a31b7573d037a44885eeff2a0705c7f) Importer(815301076,1909f56bfc062723c751e8b465ee728b)  -> (artifact id: '6c6bc7fe5e386434893ebe74564b6d61') in 2.722328 seconds 
========================================================================
Received Import Request.
  Time since last request: 0.001224 seconds.
  path: Assets/Materials/Traje.mat
  artifactKey: Guid(caecb46d5383d0a499886e31a7851f09) Importer(815301076,1909f56bfc062723c751e8b465ee728b)
Start importing Assets/Materials/Traje.mat using Guid(caecb46d5383d0a499886e31a7851f09) Importer(815301076,1909f56bfc062723c751e8b465ee728b)  -> (artifact id: 'fd1370d9b666d4d68d3a9753d71049b0') in 0.640642 seconds 
========================================================================
Received Import Request.
  Time since last request: 0.001713 seconds.
  path: Assets/Materials/Zapatos.mat
  artifactKey: Guid(2724bbf12a9d2b44b8106f3b44a2a8ef) Importer(815301076,1909f56bfc062723c751e8b465ee728b)
Start importing Assets/Materials/Zapatos.mat using Guid(2724bbf12a9d2b44b8106f3b44a2a8ef) Importer(815301076,1909f56bfc062723c751e8b465ee728b)  -> (artifact id: '38c099f7683c2b565156c32401f6c7c1') in 0.575259 seconds 
========================================================================
Received Import Request.
  Time since last request: 0.001255 seconds.
  path: Assets/Materials/Doctor con traje blanco modo_Top_normal.png
  artifactKey: Guid(f15db48fe86188f4c905dcc15835ba1d) Importer(815301076,1909f56bfc062723c751e8b465ee728b)
Start importing Assets/Materials/Doctor con traje blanco modo_Top_normal.png using Guid(f15db48fe86188f4c905dcc15835ba1d) Importer(815301076,1909f56bfc062723c751e8b465ee728b)  -> (artifact id: '01d4cf494756456d9c5c3873993bc99c') in 0.255902 seconds 
========================================================================
Received Import Request.
  Time since last request: 0.001322 seconds.
  path: Assets/Scenes/Map 4.unity
  artifactKey: Guid(90f5004b2bcdb4742983d7cfe4239885) Importer(815301076,1909f56bfc062723c751e8b465ee728b)
Start importing Assets/Scenes/Map 4.unity using Guid(90f5004b2bcdb4742983d7cfe4239885) Importer(815301076,1909f56bfc062723c751e8b465ee728b)  -> (artifact id: 'f56174f8b271eb2004d2e109d510c9e0') in 0.135152 seconds 
========================================================================
Received Import Request.
  Time since last request: 0.001231 seconds.
  path: Assets/Materials/Hair.mat
  artifactKey: Guid(4ac25b6f82ac0fc4eaa76a2358560318) Importer(815301076,1909f56bfc062723c751e8b465ee728b)
Start importing Assets/Materials/Hair.mat using Guid(4ac25b6f82ac0fc4eaa76a2358560318) Importer(815301076,1909f56bfc062723c751e8b465ee728b)  -> (artifact id: 'f6e2fc3864e8658e9aef19bc80b4f94e') in 0.555426 seconds 
========================================================================
Received Import Request.
  Time since last request: 0.001471 seconds.
  path: Assets/Materials/Doctor con traje blanco modo_Shoes_normal.png
  artifactKey: Guid(49e6edf0a5e8a0a42af1ca9a678cdcf8) Importer(815301076,1909f56bfc062723c751e8b465ee728b)
Start importing Assets/Materials/Doctor con traje blanco modo_Shoes_normal.png using Guid(49e6edf0a5e8a0a42af1ca9a678cdcf8) Importer(815301076,1909f56bfc062723c751e8b465ee728b)  -> (artifact id: 'ac55cd2ad22fceb21db5d2d206a1aebf') in 0.301040 seconds 
========================================================================
Received Import Request.
  Time since last request: 0.001470 seconds.
  path: Assets/Materials/Bottoms.mat
  artifactKey: Guid(3a171efabbb11fe4c84ac018ce90825b) Importer(815301076,1909f56bfc062723c751e8b465ee728b)
Start importing Assets/Materials/Bottoms.mat using Guid(3a171efabbb11fe4c84ac018ce90825b) Importer(815301076,1909f56bfc062723c751e8b465ee728b)  -> (artifact id: 'aabef61ae0921c5866b64d13f0eddc07') in 0.609496 seconds 
========================================================================
Received Import Request.
  Time since last request: 0.001235 seconds.
  path: Assets/Materials/Playera del mons.mat
  artifactKey: Guid(0a297a0b08ea6f94ca39ad94f708fe80) Importer(815301076,1909f56bfc062723c751e8b465ee728b)
Start importing Assets/Materials/Playera del mons.mat using Guid(0a297a0b08ea6f94ca39ad94f708fe80) Importer(815301076,1909f56bfc062723c751e8b465ee728b)  -> (artifact id: 'dc200b10feb7415dad682c5600ee3451') in 0.845530 seconds 
========================================================================
Received Import Request.
  Time since last request: 0.001278 seconds.
  path: Assets/Materials/Doctor con traje blanco modo_Bottom_normal.png
  artifactKey: Guid(6c3b9264e3afd8540ab29d703ac70e5e) Importer(815301076,1909f56bfc062723c751e8b465ee728b)
Start importing Assets/Materials/Doctor con traje blanco modo_Bottom_normal.png using Guid(6c3b9264e3afd8540ab29d703ac70e5e) Importer(815301076,1909f56bfc062723c751e8b465ee728b)  -> (artifact id: '5cc67a5720211fe1f373c5116a6381cf') in 0.177707 seconds 
========================================================================
Received Import Request.
  Time since last request: 51.349870 seconds.
  path: Assets/Scenes/Forest.unity
  artifactKey: Guid(d963f88bb8e412043936bb9c4ddeeb9b) Importer(815301076,1909f56bfc062723c751e8b465ee728b)
Start importing Assets/Scenes/Forest.unity using Guid(d963f88bb8e412043936bb9c4ddeeb9b) Importer(815301076,1909f56bfc062723c751e8b465ee728b)  -> (artifact id: 'cb4a2f3478fa2ed2bd5eedac1b184f9a') in 0.184014 seconds 
========================================================================
Received Import Request.
  Time since last request: 5.631323 seconds.
  path: Assets/Scenes/Swamp.unity
  artifactKey: Guid(d963f88bb8e412043936bb9c4ddeeb9b) Importer(815301076,1909f56bfc062723c751e8b465ee728b)
Start importing Assets/Scenes/Swamp.unity using Guid(d963f88bb8e412043936bb9c4ddeeb9b) Importer(815301076,1909f56bfc062723c751e8b465ee728b)  -> (artifact id: '4ba873e78e1ea906f050008a2c972984') in 0.133864 seconds 
========================================================================
Received Import Request.
  Time since last request: 37.832389 seconds.
  path: Assets/Scenes/Egyptian temple.unity
  artifactKey: Guid(90f5004b2bcdb4742983d7cfe4239885) Importer(815301076,1909f56bfc062723c751e8b465ee728b)
Start importing Assets/Scenes/Egyptian temple.unity using Guid(90f5004b2bcdb4742983d7cfe4239885) Importer(815301076,1909f56bfc062723c751e8b465ee728b)  -> (artifact id: 'a64c8435ff178f38f57a4b694a68378a') in 0.097397 seconds 
========================================================================
Received Import Request.
  Time since last request: 72.806040 seconds.
  path: Assets/Scenes/Prueba.unity
  artifactKey: Guid(17623534d5ffc2a479b849441ecbc79e) Importer(815301076,1909f56bfc062723c751e8b465ee728b)
Start importing Assets/Scenes/Prueba.unity using Guid(17623534d5ffc2a479b849441ecbc79e) Importer(815301076,1909f56bfc062723c751e8b465ee728b)  -> (artifact id: '2d0daa953ddc437b4ed62095e9e45a5f') in 0.152021 seconds 
========================================================================
Received Import Request.
  Time since last request: 8.817745 seconds.
  path: Assets/Scenes/Hospital.unity
  artifactKey: Guid(17623534d5ffc2a479b849441ecbc79e) Importer(815301076,1909f56bfc062723c751e8b465ee728b)
Start importing Assets/Scenes/Hospital.unity using Guid(17623534d5ffc2a479b849441ecbc79e) Importer(815301076,1909f56bfc062723c751e8b465ee728b)  -> (artifact id: 'c755d498aa166c5d91f438f0bd8c571f') in 0.082139 seconds 
========================================================================
Received Prepare
Registering precompiled user dll's ...
Registered in 0.159876 seconds.
Begin MonoManager ReloadAssembly
Symbol file LoadedFromMemory doesn't match image C:\Users\TOSHIBA\Primer juego\Library\PackageCache\com.unity.visualscripting@1.6.1\Editor\VisualScripting.Core\Dependencies\YamlDotNet\Unity.VisualScripting.YamlDotNet.dll
Symbol file LoadedFromMemory doesn't match image C:\Users\TOSHIBA\Primer juego\Library\PackageCache\com.unity.visualscripting@1.6.1\Editor\VisualScripting.Core\Dependencies\DotNetZip\Unity.VisualScripting.IonicZip.dll
Refreshing native plugins compatible for Editor in 5.84 ms, found 3 plugins.
Preloading 0 native plugins for Editor in 0.00 ms.
Mono: successfully reloaded assembly
- Completed reload, in 97.884 seconds
Domain Reload Profiling:
	ReloadAssembly (97887ms)
		BeginReloadAssembly (1058ms)
			ExecutionOrderSort (0ms)
			DisableScriptedObjects (71ms)
			BackupInstance (0ms)
			ReleaseScriptingObjects (1ms)
			CreateAndSetChildDomain (441ms)
		EndReloadAssembly (96354ms)
			LoadAssemblies (85547ms)
			RebuildTransferFunctionScriptingTraits (1ms)
			SetupTypeCache (6036ms)
			ReleaseScriptCaches (6ms)
			RebuildScriptCaches (328ms)
			SetupLoadedEditorAssemblies (2591ms)
				LogAssemblyErrors (0ms)
				InitializePlatformSupportModulesInManaged (17ms)
				SetLoadedEditorAssemblies (6ms)
				RefreshPlugins (6ms)
				BeforeProcessingInitializeOnLoad (484ms)
				ProcessInitializeOnLoadAttributes (1977ms)
				ProcessInitializeOnLoadMethodAttributes (48ms)
				AfterProcessingInitializeOnLoad (52ms)
				EditorAssembliesLoaded (2ms)
			ExecutionOrderSort2 (0ms)
			AwakeInstancesAfterBackupRestoration (106ms)
Platform modules already initialized, skipping
Switching build target platform(19) subTarget(0) extendedPlatform(0) -> platform(13) subTarget(537395200) extendedPlatform(0)
Refreshing native plugins compatible for Editor in 3.57 ms, found 3 plugins.
Preloading 0 native plugins for Editor in 0.00 ms.
Unloading 3083 Unused Serialized files (Serialized files now loaded: 0)
System memory in use before: 137.9 MB.
System memory in use after: 138.1 MB.

Unloading 30 unused Assets to reduce memory usage. Loaded Objects now: 3659.
Total: 14.995100 ms (FindLiveObjects: 1.897400 ms CreateObjectMapping: 0.904400 ms MarkObjects: 11.845400 ms  DeleteObjects: 0.341000 ms)

AssetImportParameters requested are different than current active one (requested -> active):
  custom:framework-win-MediaFoundation: 216162199b28c13a410421893ffa2e32 -> 
  custom:video-decoder-ogg-theora: a1e56fd34408186e4bbccfd4996cb3dc -> 
  custom:container-muxer-webm: aa71ff27fc2769a1b78a27578f13a17b -> 
  custom:container-demuxer-webm: 4f35f7cbe854078d1ac9338744f61a02 -> 
  custom:container-demuxer-ogg: 62fdf1f143b41e24485cea50d1cbac27 -> 
  custom:video-encoder-webm-vp8: eb34c28f22e8b96e1ab97ce403110664 -> 
  custom:video-decoder-webm-vp8: 9c59270c3fd7afecdb556c50c9e8de78 -> 
  custom:graphics/normal-map-encoding: 01000000000000000000000000000000 -> 02000000000000000000000000000000
  custom:audio-decoder-ogg-vorbis: bf7c407c2cedff20999df2af8eb42d56 -> 
  custom:audio-encoder-webm-vorbis: bf7c407c2cedff20999df2af8eb42d56 -> 
