Using pre-set license
Built from '2021.1/release' branch; Version is '2021.1.10f1 (b15f561b2cef) revision 11624278'; Using compiler version '192528614'; Build Type 'Release'
OS: 'Windows 10 Pro Education; OS build 19041.1165; Version 2004; 64bit' Language: 'es' Physical Memory: 8012 MB
BatchMode: 1, IsHumanControllingUs: 0, StartBugReporterOnCrash: 0, Is64bit: 1, IsPro: 0

 COMMAND LINE ARGUMENTS:
C:\Program Files\Unity 2021.1.10f1\Editor\Unity.exe
-adb2
-batchMode
-noUpm
-name
AssetImportWorker0
-projectPath
C:/Users/kcalp/Documents/GitHub/Primer-juego
-logFile
Logs/AssetImportWorker0.log
-srvPort
55394
Successfully changed project path to: C:/Users/kcalp/Documents/GitHub/Primer-juego
C:/Users/kcalp/Documents/GitHub/Primer-juego
Using Asset Import Pipeline V2.
Refreshing native plugins compatible for Editor in 475.25 ms, found 3 plugins.
Preloading 0 native plugins for Editor in 0.00 ms.
Initialize engine version: 2021.1.10f1 (b15f561b2cef)
[Subsystems] Discovering subsystems at path C:/Program Files/Unity 2021.1.10f1/Editor/Data/Resources/UnitySubsystems
[Subsystems] Discovering subsystems at path C:/Users/kcalp/Documents/GitHub/Primer-juego/Assets
GfxDevice: creating device client; threaded=0; jobified=0
Direct3D:
    Version:  Direct3D 11.0 [level 11.1]
    Renderer: Intel(R) UHD Graphics 600 (ID=0x3185)
    Vendor:   Intel
    VRAM:     4006 MB
    Driver:   27.20.100.8681
Initialize mono
Mono path[0] = 'C:/Program Files/Unity 2021.1.10f1/Editor/Data/Managed'
Mono path[1] = 'C:/Program Files/Unity 2021.1.10f1/Editor/Data/MonoBleedingEdge/lib/mono/unityjit'
Mono config path = 'C:/Program Files/Unity 2021.1.10f1/Editor/Data/MonoBleedingEdge/etc'
Using monoOptions --debugger-agent=transport=dt_socket,embedding=1,server=y,suspend=n,address=127.0.0.1:56012
Begin MonoManager ReloadAssembly
Registering precompiled unity dll's ...
Register platform support module: C:/Program Files/Unity 2021.1.10f1/Editor/Data/PlaybackEngines/WindowsStandaloneSupport/UnityEditor.WindowsStandalone.Extensions.dll
Registered in 0.008252 seconds.
Native extension for WindowsStandalone target not found
Refreshing native plugins compatible for Editor in 379.09 ms, found 3 plugins.
Preloading 0 native plugins for Editor in 0.00 ms.
Mono: successfully reloaded assembly
- Completed reload, in  6.096 seconds
Domain Reload Profiling:
	ReloadAssembly (6097ms)
		BeginReloadAssembly (210ms)
			ExecutionOrderSort (0ms)
			DisableScriptedObjects (0ms)
			BackupInstance (0ms)
			ReleaseScriptingObjects (0ms)
			CreateAndSetChildDomain (3ms)
		EndReloadAssembly (2411ms)
			LoadAssemblies (199ms)
			RebuildTransferFunctionScriptingTraits (0ms)
			SetupTypeCache (1014ms)
			ReleaseScriptCaches (0ms)
			RebuildScriptCaches (164ms)
			SetupLoadedEditorAssemblies (917ms)
				LogAssemblyErrors (0ms)
				InitializePlatformSupportModulesInManaged (26ms)
				SetLoadedEditorAssemblies (1ms)
				RefreshPlugins (379ms)
				BeforeProcessingInitializeOnLoad (5ms)
				ProcessInitializeOnLoadAttributes (376ms)
				ProcessInitializeOnLoadMethodAttributes (129ms)
				AfterProcessingInitializeOnLoad (0ms)
				EditorAssembliesLoaded (1ms)
			ExecutionOrderSort2 (0ms)
			AwakeInstancesAfterBackupRestoration (0ms)
Platform modules already initialized, skipping
Registering precompiled user dll's ...
Registered in 0.051501 seconds.
Begin MonoManager ReloadAssembly
Symbol file LoadedFromMemory doesn't match image C:\Users\kcalp\Documents\GitHub\Primer-juego\Library\PackageCache\com.unity.visualscripting@1.6.1\Editor\VisualScripting.Core\Dependencies\YamlDotNet\Unity.VisualScripting.YamlDotNet.dll
Symbol file LoadedFromMemory doesn't match image C:\Users\kcalp\Documents\GitHub\Primer-juego\Library\PackageCache\com.unity.visualscripting@1.6.1\Editor\VisualScripting.Core\Dependencies\DotNetZip\Unity.VisualScripting.IonicZip.dll
Native extension for WindowsStandalone target not found
Refreshing native plugins compatible for Editor in 3.69 ms, found 3 plugins.
Preloading 0 native plugins for Editor in 0.00 ms.
Mono: successfully reloaded assembly
- Completed reload, in  5.569 seconds
Domain Reload Profiling:
	ReloadAssembly (5571ms)
		BeginReloadAssembly (694ms)
			ExecutionOrderSort (0ms)
			DisableScriptedObjects (19ms)
			BackupInstance (0ms)
			ReleaseScriptingObjects (0ms)
			CreateAndSetChildDomain (79ms)
		EndReloadAssembly (4573ms)
			LoadAssemblies (403ms)
			RebuildTransferFunctionScriptingTraits (0ms)
			SetupTypeCache (2210ms)
			ReleaseScriptCaches (2ms)
			RebuildScriptCaches (201ms)
			SetupLoadedEditorAssemblies (1238ms)
				LogAssemblyErrors (0ms)
				InitializePlatformSupportModulesInManaged (16ms)
				SetLoadedEditorAssemblies (1ms)
				RefreshPlugins (4ms)
				BeforeProcessingInitializeOnLoad (314ms)
				ProcessInitializeOnLoadAttributes (854ms)
				ProcessInitializeOnLoadMethodAttributes (19ms)
				AfterProcessingInitializeOnLoad (28ms)
				EditorAssembliesLoaded (1ms)
			ExecutionOrderSort2 (0ms)
			AwakeInstancesAfterBackupRestoration (25ms)
Platform modules already initialized, skipping
========================================================================
Worker process is ready to serve import requests
Launched and connected shader compiler UnityShaderCompiler.exe after 0.14 seconds
Refreshing native plugins compatible for Editor in 3.28 ms, found 3 plugins.
Preloading 0 native plugins for Editor in 0.00 ms.
Unloading 3108 Unused Serialized files (Serialized files now loaded: 0)
System memory in use before: 114.2 MB.
System memory in use after: 114.4 MB.

Unloading 35 unused Assets to reduce memory usage. Loaded Objects now: 3541.
Total: 8.472800 ms (FindLiveObjects: 1.087900 ms CreateObjectMapping: 0.309500 ms MarkObjects: 6.738200 ms  DeleteObjects: 0.333800 ms)

AssetImportParameters requested are different than current active one (requested -> active):
  custom:framework-win-MediaFoundation: 216162199b28c13a410421893ffa2e32 -> 
  custom:video-decoder-ogg-theora: a1e56fd34408186e4bbccfd4996cb3dc -> 
  custom:container-muxer-webm: aa71ff27fc2769a1b78a27578f13a17b -> 
  custom:container-demuxer-webm: 4f35f7cbe854078d1ac9338744f61a02 -> 
  custom:container-demuxer-ogg: 62fdf1f143b41e24485cea50d1cbac27 -> 
  custom:video-encoder-webm-vp8: eb34c28f22e8b96e1ab97ce403110664 -> 
  custom:video-codec-MediaFoundation-h265: 746d11721c4dcdbdad8f713fa42b33f4 -> 
  custom:video-decoder-webm-vp8: 9c59270c3fd7afecdb556c50c9e8de78 -> 
  custom:audio-decoder-ogg-vorbis: bf7c407c2cedff20999df2af8eb42d56 -> 
  custom:audio-encoder-webm-vorbis: bf7c407c2cedff20999df2af8eb42d56 -> 
========================================================================
Received Import Request.
  path: Assets/Sprites/Characters/1º Personaje Doctor/Doctor con traje blanco modo@Idle.fbx
  artifactKey: Guid(b064e3e72f5789a419bc0df70abbb761) Importer(815301076,1909f56bfc062723c751e8b465ee728b)
Start importing Assets/Sprites/Characters/1º Personaje Doctor/Doctor con traje blanco modo@Idle.fbx using Guid(b064e3e72f5789a419bc0df70abbb761) Importer(815301076,1909f56bfc062723c751e8b465ee728b)  -> (artifact id: 'a3b295aea4a94a013cffe248a9d7da38') in 0.832643 seconds 
========================================================================
Received Import Request.
  Time since last request: 0.001161 seconds.
  path: Assets/Sprites/Characters/1º Personaje Doctor/Doctor con traje blanco modo@Left Strafe.fbx
  artifactKey: Guid(3006623edd44c2e47a89ecdc2f45457b) Importer(815301076,1909f56bfc062723c751e8b465ee728b)
Start importing Assets/Sprites/Characters/1º Personaje Doctor/Doctor con traje blanco modo@Left Strafe.fbx using Guid(3006623edd44c2e47a89ecdc2f45457b) Importer(815301076,1909f56bfc062723c751e8b465ee728b)  -> (artifact id: '8ca860b39e24b55401b9f9511a67df3d') in 0.329670 seconds 
========================================================================
Received Import Request.
  Time since last request: 0.000781 seconds.
  path: Assets/Sprites/Characters/1º Personaje Doctor/Doctor con traje blanco modo.fbx
  artifactKey: Guid(fd19edb44972e1b4c9697d60ed8ed6ef) Importer(815301076,1909f56bfc062723c751e8b465ee728b)
Start importing Assets/Sprites/Characters/1º Personaje Doctor/Doctor con traje blanco modo.fbx using Guid(fd19edb44972e1b4c9697d60ed8ed6ef) Importer(815301076,1909f56bfc062723c751e8b465ee728b)  -> (artifact id: '43272b88a80f6bb4aba29f606d65a34e') in 0.321458 seconds 
========================================================================
Received Import Request.
  Time since last request: 0.000717 seconds.
  path: Assets/Sprites/Characters/1º Personaje Doctor/Doctor con traje blanco modo@Running.fbx
  artifactKey: Guid(44063bd5027e01a41a0d2437c01df10a) Importer(815301076,1909f56bfc062723c751e8b465ee728b)
Start importing Assets/Sprites/Characters/1º Personaje Doctor/Doctor con traje blanco modo@Running.fbx using Guid(44063bd5027e01a41a0d2437c01df10a) Importer(815301076,1909f56bfc062723c751e8b465ee728b)  -> (artifact id: '8f79c24b0292422155c65081c9ef03c3') in 0.329018 seconds 
========================================================================
Received Import Request.
  Time since last request: 0.000749 seconds.
  path: Assets/Sprites/Characters/1º Personaje Doctor/Doctor con traje blanco modo.dae
  artifactKey: Guid(3d48ced41c7c8e544b4c1bae5c2fada4) Importer(815301076,1909f56bfc062723c751e8b465ee728b)
Start importing Assets/Sprites/Characters/1º Personaje Doctor/Doctor con traje blanco modo.dae using Guid(3d48ced41c7c8e544b4c1bae5c2fada4) Importer(815301076,1909f56bfc062723c751e8b465ee728b)  -> (artifact id: '8aa8f29e8baa561140cf04d8e37c1524') in 0.358164 seconds 
========================================================================
Received Import Request.
  Time since last request: 106.307617 seconds.
  path: Assets/Sprites/Characters/1º Personaje Doctor/Doctor con traje blanco modo.fbx
  artifactKey: Guid(fd19edb44972e1b4c9697d60ed8ed6ef) Importer(815301076,1909f56bfc062723c751e8b465ee728b)
Start importing Assets/Sprites/Characters/1º Personaje Doctor/Doctor con traje blanco modo.fbx using Guid(fd19edb44972e1b4c9697d60ed8ed6ef) Importer(815301076,1909f56bfc062723c751e8b465ee728b)  -> (artifact id: '7a30d89ca9d5cb60569f1862c2b6afbe') in 0.450912 seconds 
========================================================================
Received Import Request.
  Time since last request: 0.000685 seconds.
  path: Assets/Sprites/Characters/1º Personaje Doctor/Doctor con traje blanco modo@Idle.fbx
  artifactKey: Guid(b064e3e72f5789a419bc0df70abbb761) Importer(815301076,1909f56bfc062723c751e8b465ee728b)
Start importing Assets/Sprites/Characters/1º Personaje Doctor/Doctor con traje blanco modo@Idle.fbx using Guid(b064e3e72f5789a419bc0df70abbb761) Importer(815301076,1909f56bfc062723c751e8b465ee728b)  -> (artifact id: 'c7b298a52a7c3346a537d7b8981d078f') in 0.342669 seconds 
========================================================================
Received Import Request.
  Time since last request: 0.000609 seconds.
  path: Assets/Sprites/Characters/1º Personaje Doctor/Doctor con traje blanco modo@Left Strafe.fbx
  artifactKey: Guid(3006623edd44c2e47a89ecdc2f45457b) Importer(815301076,1909f56bfc062723c751e8b465ee728b)
Start importing Assets/Sprites/Characters/1º Personaje Doctor/Doctor con traje blanco modo@Left Strafe.fbx using Guid(3006623edd44c2e47a89ecdc2f45457b) Importer(815301076,1909f56bfc062723c751e8b465ee728b)  -> (artifact id: 'e4301602cc90cfa83cc422b5b87b460c') in 0.345452 seconds 
========================================================================
Received Import Request.
  Time since last request: 0.000682 seconds.
  path: Assets/Sprites/Characters/1º Personaje Doctor/Doctor con traje blanco modo@Running.fbx
  artifactKey: Guid(44063bd5027e01a41a0d2437c01df10a) Importer(815301076,1909f56bfc062723c751e8b465ee728b)
Start importing Assets/Sprites/Characters/1º Personaje Doctor/Doctor con traje blanco modo@Running.fbx using Guid(44063bd5027e01a41a0d2437c01df10a) Importer(815301076,1909f56bfc062723c751e8b465ee728b)  -> (artifact id: '8a9b446c0e40af5d3a2138f2d42f6992') in 0.389105 seconds 
========================================================================
Received Import Request.
  Time since last request: 179.578228 seconds.
  path: Assets/Sprites/Characters/1º Personaje Doctor/Doctor con traje blanco modo@Idle.fbx
  artifactKey: Guid(b064e3e72f5789a419bc0df70abbb761) Importer(815301076,1909f56bfc062723c751e8b465ee728b)
Start importing Assets/Sprites/Characters/1º Personaje Doctor/Doctor con traje blanco modo@Idle.fbx using Guid(b064e3e72f5789a419bc0df70abbb761) Importer(815301076,1909f56bfc062723c751e8b465ee728b)  -> (artifact id: '489b33d5699ecda22c4ac59b726a3188') in 0.565486 seconds 
========================================================================
Received Import Request.
  Time since last request: 0.000710 seconds.
  path: Assets/Sprites/Characters/1º Personaje Doctor/Doctor con traje blanco modo@Left Strafe.fbx
  artifactKey: Guid(3006623edd44c2e47a89ecdc2f45457b) Importer(815301076,1909f56bfc062723c751e8b465ee728b)
Start importing Assets/Sprites/Characters/1º Personaje Doctor/Doctor con traje blanco modo@Left Strafe.fbx using Guid(3006623edd44c2e47a89ecdc2f45457b) Importer(815301076,1909f56bfc062723c751e8b465ee728b)  -> (artifact id: '042eb1cc785da0545247240226fca9a1') in 0.441423 seconds 
========================================================================
Received Import Request.
  Time since last request: 0.000680 seconds.
  path: Assets/Sprites/Characters/1º Personaje Doctor/Doctor con traje blanco modo@Running.fbx
  artifactKey: Guid(44063bd5027e01a41a0d2437c01df10a) Importer(815301076,1909f56bfc062723c751e8b465ee728b)
Start importing Assets/Sprites/Characters/1º Personaje Doctor/Doctor con traje blanco modo@Running.fbx using Guid(44063bd5027e01a41a0d2437c01df10a) Importer(815301076,1909f56bfc062723c751e8b465ee728b)  -> (artifact id: '0fd6f26dc83399cdedac0253fea22612') in 0.360729 seconds 
========================================================================
Received Import Request.
  Time since last request: 71.068048 seconds.
  path: Assets/Sprites/Characters/1º Personaje Doctor/Doctor con traje blanco modo@Idle.fbx
  artifactKey: Guid(b064e3e72f5789a419bc0df70abbb761) Importer(815301076,1909f56bfc062723c751e8b465ee728b)
Start importing Assets/Sprites/Characters/1º Personaje Doctor/Doctor con traje blanco modo@Idle.fbx using Guid(b064e3e72f5789a419bc0df70abbb761) Importer(815301076,1909f56bfc062723c751e8b465ee728b)  -> (artifact id: '2bc6a6d074483dd2f52ed3d70ca4b36d') in 0.432475 seconds 
========================================================================
Received Import Request.
  Time since last request: 28.014112 seconds.
  path: Assets/Sprites/Characters/1º Personaje Doctor/Doctor con traje blanco modo@Left Strafe.fbx
  artifactKey: Guid(3006623edd44c2e47a89ecdc2f45457b) Importer(815301076,1909f56bfc062723c751e8b465ee728b)
Start importing Assets/Sprites/Characters/1º Personaje Doctor/Doctor con traje blanco modo@Left Strafe.fbx using Guid(3006623edd44c2e47a89ecdc2f45457b) Importer(815301076,1909f56bfc062723c751e8b465ee728b)  -> (artifact id: '0204dbb7c0e4b7fbe2ea04d3cee33604') in 0.447790 seconds 
========================================================================
Received Import Request.
  Time since last request: 325.682540 seconds.
  path: Assets/Sprites/Characters/1º Personaje Doctor/Doctor con traje blanco modo@Running.fbx
  artifactKey: Guid(44063bd5027e01a41a0d2437c01df10a) Importer(815301076,1909f56bfc062723c751e8b465ee728b)
Start importing Assets/Sprites/Characters/1º Personaje Doctor/Doctor con traje blanco modo@Running.fbx using Guid(44063bd5027e01a41a0d2437c01df10a) Importer(815301076,1909f56bfc062723c751e8b465ee728b)  -> (artifact id: 'a4d93739835dba0b537de29783b65ecc') in 0.464934 seconds 
========================================================================
Received Import Request.
  Time since last request: 180.446947 seconds.
  path: Assets/Scenes/Egyptian Temple.unity
  artifactKey: Guid(90f5004b2bcdb4742983d7cfe4239885) Importer(815301076,1909f56bfc062723c751e8b465ee728b)
Start importing Assets/Scenes/Egyptian Temple.unity using Guid(90f5004b2bcdb4742983d7cfe4239885) Importer(815301076,1909f56bfc062723c751e8b465ee728b)  -> (artifact id: '4330601c7bfff98ea1ea6eb2e57f29f7') in 0.034718 seconds 
========================================================================
Received Import Request.
  Time since last request: 1.694509 seconds.
  path: Assets/Scenes/Hospital.unity
  artifactKey: Guid(17623534d5ffc2a479b849441ecbc79e) Importer(815301076,1909f56bfc062723c751e8b465ee728b)
Start importing Assets/Scenes/Hospital.unity using Guid(17623534d5ffc2a479b849441ecbc79e) Importer(815301076,1909f56bfc062723c751e8b465ee728b)  -> (artifact id: '3a238ebf4e6612db877bd8df3dc129d0') in 0.026108 seconds 
AssetImportWorkerClient::OnTransportError - code=2 error=End of file
