Using pre-set license
Built from '2021.1/release' branch; Version is '2021.1.10f1 (b15f561b2cef) revision 11624278'; Using compiler version '192528614'; Build Type 'Release'
OS: 'Windows 10 Pro Education; OS build 19041.1165; Version 2004; 64bit' Language: 'es' Physical Memory: 8012 MB
BatchMode: 1, IsHumanControllingUs: 0, StartBugReporterOnCrash: 0, Is64bit: 1, IsPro: 0

 COMMAND LINE ARGUMENTS:
C:\Program Files\Unity 2021.1.10f1\Editor\Unity.exe
-adb2
-batchMode
-noUpm
-name
AssetImportWorker0
-projectPath
C:/Users/kcalp/Documents/GitHub/Primer-juego
-logFile
Logs/AssetImportWorker0.log
-srvPort
63783
Successfully changed project path to: C:/Users/kcalp/Documents/GitHub/Primer-juego
C:/Users/kcalp/Documents/GitHub/Primer-juego
Using Asset Import Pipeline V2.
Refreshing native plugins compatible for Editor in 564.17 ms, found 3 plugins.
Preloading 0 native plugins for Editor in 0.00 ms.
Initialize engine version: 2021.1.10f1 (b15f561b2cef)
[Subsystems] Discovering subsystems at path C:/Program Files/Unity 2021.1.10f1/Editor/Data/Resources/UnitySubsystems
[Subsystems] Discovering subsystems at path C:/Users/kcalp/Documents/GitHub/Primer-juego/Assets
GfxDevice: creating device client; threaded=0; jobified=0
Direct3D:
    Version:  Direct3D 11.0 [level 11.1]
    Renderer: Intel(R) UHD Graphics 600 (ID=0x3185)
    Vendor:   Intel
    VRAM:     4006 MB
    Driver:   27.20.100.8681
Initialize mono
Mono path[0] = 'C:/Program Files/Unity 2021.1.10f1/Editor/Data/Managed'
Mono path[1] = 'C:/Program Files/Unity 2021.1.10f1/Editor/Data/MonoBleedingEdge/lib/mono/unityjit'
Mono config path = 'C:/Program Files/Unity 2021.1.10f1/Editor/Data/MonoBleedingEdge/etc'
Using monoOptions --debugger-agent=transport=dt_socket,embedding=1,server=y,suspend=n,address=127.0.0.1:56324
Begin MonoManager ReloadAssembly
Registering precompiled unity dll's ...
Register platform support module: C:/Program Files/Unity 2021.1.10f1/Editor/Data/PlaybackEngines/WindowsStandaloneSupport/UnityEditor.WindowsStandalone.Extensions.dll
Registered in 0.008168 seconds.
Native extension for WindowsStandalone target not found
Refreshing native plugins compatible for Editor in 402.80 ms, found 3 plugins.
Preloading 0 native plugins for Editor in 0.00 ms.
Mono: successfully reloaded assembly
- Completed reload, in  5.237 seconds
Domain Reload Profiling:
	ReloadAssembly (5238ms)
		BeginReloadAssembly (220ms)
			ExecutionOrderSort (0ms)
			DisableScriptedObjects (0ms)
			BackupInstance (0ms)
			ReleaseScriptingObjects (0ms)
			CreateAndSetChildDomain (3ms)
		EndReloadAssembly (2059ms)
			LoadAssemblies (210ms)
			RebuildTransferFunctionScriptingTraits (0ms)
			SetupTypeCache (750ms)
			ReleaseScriptCaches (0ms)
			RebuildScriptCaches (128ms)
			SetupLoadedEditorAssemblies (993ms)
				LogAssemblyErrors (0ms)
				InitializePlatformSupportModulesInManaged (22ms)
				SetLoadedEditorAssemblies (1ms)
				RefreshPlugins (403ms)
				BeforeProcessingInitializeOnLoad (5ms)
				ProcessInitializeOnLoadAttributes (440ms)
				ProcessInitializeOnLoadMethodAttributes (121ms)
				AfterProcessingInitializeOnLoad (0ms)
				EditorAssembliesLoaded (1ms)
			ExecutionOrderSort2 (0ms)
			AwakeInstancesAfterBackupRestoration (0ms)
Platform modules already initialized, skipping
Registering precompiled user dll's ...
Registered in 0.027699 seconds.
Begin MonoManager ReloadAssembly
Symbol file LoadedFromMemory doesn't match image C:\Users\kcalp\Documents\GitHub\Primer-juego\Library\PackageCache\com.unity.visualscripting@1.6.1\Editor\VisualScripting.Core\Dependencies\YamlDotNet\Unity.VisualScripting.YamlDotNet.dll
Symbol file LoadedFromMemory doesn't match image C:\Users\kcalp\Documents\GitHub\Primer-juego\Library\PackageCache\com.unity.visualscripting@1.6.1\Editor\VisualScripting.Core\Dependencies\DotNetZip\Unity.VisualScripting.IonicZip.dll
Native extension for WindowsStandalone target not found
Refreshing native plugins compatible for Editor in 3.17 ms, found 3 plugins.
Preloading 0 native plugins for Editor in 0.00 ms.
Mono: successfully reloaded assembly
- Completed reload, in  4.769 seconds
Domain Reload Profiling:
	ReloadAssembly (4771ms)
		BeginReloadAssembly (582ms)
			ExecutionOrderSort (0ms)
			DisableScriptedObjects (21ms)
			BackupInstance (0ms)
			ReleaseScriptingObjects (0ms)
			CreateAndSetChildDomain (68ms)
		EndReloadAssembly (3932ms)
			LoadAssemblies (371ms)
			RebuildTransferFunctionScriptingTraits (0ms)
			SetupTypeCache (1566ms)
			ReleaseScriptCaches (2ms)
			RebuildScriptCaches (220ms)
			SetupLoadedEditorAssemblies (1344ms)
				LogAssemblyErrors (0ms)
				InitializePlatformSupportModulesInManaged (21ms)
				SetLoadedEditorAssemblies (2ms)
				RefreshPlugins (4ms)
				BeforeProcessingInitializeOnLoad (339ms)
				ProcessInitializeOnLoadAttributes (933ms)
				ProcessInitializeOnLoadMethodAttributes (19ms)
				AfterProcessingInitializeOnLoad (26ms)
				EditorAssembliesLoaded (1ms)
			ExecutionOrderSort2 (0ms)
			AwakeInstancesAfterBackupRestoration (26ms)
Platform modules already initialized, skipping
========================================================================
Worker process is ready to serve import requests
Launched and connected shader compiler UnityShaderCompiler.exe after 0.19 seconds
Refreshing native plugins compatible for Editor in 3.25 ms, found 3 plugins.
Preloading 0 native plugins for Editor in 0.00 ms.
Unloading 3108 Unused Serialized files (Serialized files now loaded: 0)
System memory in use before: 114.2 MB.
System memory in use after: 114.4 MB.

Unloading 35 unused Assets to reduce memory usage. Loaded Objects now: 3541.
Total: 8.666200 ms (FindLiveObjects: 1.122800 ms CreateObjectMapping: 0.329300 ms MarkObjects: 6.970300 ms  DeleteObjects: 0.240200 ms)

AssetImportParameters requested are different than current active one (requested -> active):
  custom:framework-win-MediaFoundation: 216162199b28c13a410421893ffa2e32 -> 
  custom:video-decoder-ogg-theora: a1e56fd34408186e4bbccfd4996cb3dc -> 
  custom:container-muxer-webm: aa71ff27fc2769a1b78a27578f13a17b -> 
  custom:container-demuxer-webm: 4f35f7cbe854078d1ac9338744f61a02 -> 
  custom:container-demuxer-ogg: 62fdf1f143b41e24485cea50d1cbac27 -> 
  custom:video-encoder-webm-vp8: eb34c28f22e8b96e1ab97ce403110664 -> 
  custom:video-codec-MediaFoundation-h265: 746d11721c4dcdbdad8f713fa42b33f4 -> 
  custom:video-decoder-webm-vp8: 9c59270c3fd7afecdb556c50c9e8de78 -> 
  custom:audio-decoder-ogg-vorbis: bf7c407c2cedff20999df2af8eb42d56 -> 
  custom:audio-encoder-webm-vorbis: bf7c407c2cedff20999df2af8eb42d56 -> 
========================================================================
Received Import Request.
  path: Assets/Animator/Player.controller
  artifactKey: Guid(e8e46029cb9ddd540a887b44d5753f08) Importer(815301076,1909f56bfc062723c751e8b465ee728b)
Start importing Assets/Animator/Player.controller using Guid(e8e46029cb9ddd540a887b44d5753f08) Importer(815301076,1909f56bfc062723c751e8b465ee728b)  -> (artifact id: 'e34969ff5da56d886b322108d5a7f4ea') in 0.154110 seconds 
========================================================================
Received Import Request.
  Time since last request: 76.413359 seconds.
  path: Assets/Sprites/Characters/Doctor con traje/Doctor con traje blanco modo.fbx
  artifactKey: Guid(ae9ed2bd060b5eb48b5800fc6f783a97) Importer(815301076,1909f56bfc062723c751e8b465ee728b)
Start importing Assets/Sprites/Characters/Doctor con traje/Doctor con traje blanco modo.fbx using Guid(ae9ed2bd060b5eb48b5800fc6f783a97) Importer(815301076,1909f56bfc062723c751e8b465ee728b)  -> (artifact id: '2eb57fd328dc249ef8a9051b7fc0c752') in 0.665211 seconds 
========================================================================
Received Import Request.
  Time since last request: 0.160994 seconds.
  path: Assets/Sprites/Characters/Monstruo del hospital/Morge monstruo 2.fbx
  artifactKey: Guid(dfdef87b9cf0e44438d679a29f99146c) Importer(815301076,1909f56bfc062723c751e8b465ee728b)
Start importing Assets/Sprites/Characters/Monstruo del hospital/Morge monstruo 2.fbx using Guid(dfdef87b9cf0e44438d679a29f99146c) Importer(815301076,1909f56bfc062723c751e8b465ee728b)  -> (artifact id: 'c77885b3dbb615f71b1fdab45e9f5712') in 0.268738 seconds 
========================================================================
Received Import Request.
  Time since last request: 61.686506 seconds.
  path: Assets/Sprites/Characters/1º Personaje Doctor
  artifactKey: Guid(1db6e23225ea9b24d9e54879ac1a3596) Importer(815301076,1909f56bfc062723c751e8b465ee728b)
Start importing Assets/Sprites/Characters/1º Personaje Doctor using Guid(1db6e23225ea9b24d9e54879ac1a3596) Importer(815301076,1909f56bfc062723c751e8b465ee728b)  -> (artifact id: 'dc23e7f1e48183325e7c2cc02eb7547e') in 0.040854 seconds 
========================================================================
Received Import Request.
  Time since last request: 116.304196 seconds.
  path: Assets/Sprites/Characters/1º Personaje Doctor/Doctor con traje blanco modo@Idle.fbx
  artifactKey: Guid(b7ff2d94692ea78478dd400344aa424e) Importer(815301076,1909f56bfc062723c751e8b465ee728b)
Start importing Assets/Sprites/Characters/1º Personaje Doctor/Doctor con traje blanco modo@Idle.fbx using Guid(b7ff2d94692ea78478dd400344aa424e) Importer(815301076,1909f56bfc062723c751e8b465ee728b)  -> (artifact id: '2d9c665d605ac27c707d2c9275882d40') in 0.449576 seconds 
========================================================================
Received Import Request.
  Time since last request: 0.000638 seconds.
  path: Assets/Sprites/Characters/1º Personaje Doctor/Doctor con traje blanco modo@T-Pose.fbx
  artifactKey: Guid(20429a01ac38deb4c97aa4bbc9528628) Importer(815301076,1909f56bfc062723c751e8b465ee728b)
Start importing Assets/Sprites/Characters/1º Personaje Doctor/Doctor con traje blanco modo@T-Pose.fbx using Guid(20429a01ac38deb4c97aa4bbc9528628) Importer(815301076,1909f56bfc062723c751e8b465ee728b)  -> (artifact id: 'a64b0c4bc6f6f7a3c6f2621c1625d8a7') in 0.363607 seconds 
========================================================================
Received Import Request.
  Time since last request: 0.000603 seconds.
  path: Assets/Sprites/Characters/1º Personaje Doctor/Doctor con traje blanco modo@Running.fbx
  artifactKey: Guid(052203a65c51add4fbe20b8872b3385f) Importer(815301076,1909f56bfc062723c751e8b465ee728b)
Start importing Assets/Sprites/Characters/1º Personaje Doctor/Doctor con traje blanco modo@Running.fbx using Guid(052203a65c51add4fbe20b8872b3385f) Importer(815301076,1909f56bfc062723c751e8b465ee728b)  -> (artifact id: 'd82eff2ccab4682542ff551b37985b2d') in 0.325450 seconds 
========================================================================
Received Import Request.
  Time since last request: 0.000687 seconds.
  path: Assets/Sprites/Characters/1º Personaje Doctor/Doctor con traje blanco modo@Left Strafe.fbx
  artifactKey: Guid(f82f9e8447e85704097e3359dc521c76) Importer(815301076,1909f56bfc062723c751e8b465ee728b)
Start importing Assets/Sprites/Characters/1º Personaje Doctor/Doctor con traje blanco modo@Left Strafe.fbx using Guid(f82f9e8447e85704097e3359dc521c76) Importer(815301076,1909f56bfc062723c751e8b465ee728b)  -> (artifact id: 'c70c6a529b310c703c1e38a023fe4c48') in 0.319886 seconds 
========================================================================
Received Import Request.
  Time since last request: 0.000620 seconds.
  path: Assets/Sprites/Characters/1º Personaje Doctor/T-Pose.dae
  artifactKey: Guid(718c47e00afd89a45b86f120a2dc08eb) Importer(815301076,1909f56bfc062723c751e8b465ee728b)
Start importing Assets/Sprites/Characters/1º Personaje Doctor/T-Pose.dae using Guid(718c47e00afd89a45b86f120a2dc08eb) Importer(815301076,1909f56bfc062723c751e8b465ee728b)  -> (artifact id: '918ce943222de81f43250a27646d8841') in 0.370020 seconds 
========================================================================
Received Import Request.
  Time since last request: 149.794920 seconds.
  path: Assets/Sprites/Characters/1º Personaje Doctor/Doctor con traje blanco modo.dae
  artifactKey: Guid(3d48ced41c7c8e544b4c1bae5c2fada4) Importer(815301076,1909f56bfc062723c751e8b465ee728b)
Start importing Assets/Sprites/Characters/1º Personaje Doctor/Doctor con traje blanco modo.dae using Guid(3d48ced41c7c8e544b4c1bae5c2fada4) Importer(815301076,1909f56bfc062723c751e8b465ee728b)  -> (artifact id: '7bafcead28068e6344f98b17823fed73') in 0.412569 seconds 
AssetImportWorkerClient::OnTransportError - code=2 error=End of file
